Using pre-set license
Built from '2020.3/staging' branch; Version is '2020.3.20f1 (41c4e627c95f) revision 4310246'; Using compiler version '192528614'; Build Type 'Release'
OS: 'Windows 10 Home; OS build 19043.1348; Version 2009; 64bit' Language: 'en' Physical Memory: 8112 MB
BatchMode: 1, IsHumanControllingUs: 0, StartBugReporterOnCrash: 0, Is64bit: 1, IsPro: 0

COMMAND LINE ARGUMENTS:
D:\MyGame\2020.3.20f1\Editor\Unity.exe
-adb2
-batchMode
-noUpm
-name
AssetImportWorker2
-projectPath
D:/card generator/Card-Generator/CardGenerator
-logFile
Logs/AssetImportWorker2.log
-srvPort
1115
Successfully changed project path to: D:/card generator/Card-Generator/CardGenerator
D:/card generator/Card-Generator/CardGenerator
Using Asset Import Pipeline V2.
Refreshing native plugins compatible for Editor in 32.61 ms, found 2 plugins.
Preloading 0 native plugins for Editor in 0.00 ms.
Initialize engine version: 2020.3.20f1 (41c4e627c95f)
[Subsystems] Discovering subsystems at path D:/MyGame/2020.3.20f1/Editor/Data/Resources/UnitySubsystems
[Subsystems] Discovering subsystems at path D:/card generator/Card-Generator/CardGenerator/Assets
GfxDevice: creating device client; threaded=0
Direct3D:
    Version:  Direct3D 11.0 [level 11.1]
    Renderer: NVIDIA GeForce GTX 1050 (ID=0x1c8d)
    Vendor:   
    VRAM:     1979 MB
    Driver:   30.0.14.7141
Initialize mono
Mono path[0] = 'D:/MyGame/2020.3.20f1/Editor/Data/Managed'
Mono path[1] = 'D:/MyGame/2020.3.20f1/Editor/Data/MonoBleedingEdge/lib/mono/unityjit'
Mono config path = 'D:/MyGame/2020.3.20f1/Editor/Data/MonoBleedingEdge/etc'
Using monoOptions --debugger-agent=transport=dt_socket,embedding=1,server=y,suspend=n,address=127.0.0.1:56152
Begin MonoManager ReloadAssembly
Registering precompiled unity dll's ...
Register platform support module: D:/MyGame/2020.3.20f1/Editor/Data/PlaybackEngines/WindowsStandaloneSupport/UnityEditor.WindowsStandalone.Extensions.dll
Registered in 0.002250 seconds.
Native extension for WindowsStandalone target not found
Refreshing native plugins compatible for Editor in 41.06 ms, found 2 plugins.
Preloading 0 native plugins for Editor in 0.00 ms.
Mono: successfully reloaded assembly
- Completed reload, in  9.832 seconds
Domain Reload Profiling:
	ReloadAssembly (9833ms)
		BeginReloadAssembly (81ms)
			ExecutionOrderSort (0ms)
			DisableScriptedObjects (0ms)
			BackupInstance (0ms)
			ReleaseScriptingObjects (0ms)
			CreateAndSetChildDomain (1ms)
		EndReloadAssembly (660ms)
			LoadAssemblies (81ms)
			RebuildTransferFunctionScriptingTraits (0ms)
			SetupTypeCache (234ms)
			ReleaseScriptCaches (0ms)
			RebuildScriptCaches (42ms)
			SetupLoadedEditorAssemblies (295ms)
				LogAssemblyErrors (0ms)
				InitializePlatformSupportModulesInManaged (7ms)
				SetLoadedEditorAssemblies (0ms)
				RefreshPlugins (41ms)
				BeforeProcessingInitializeOnLoad (29ms)
				ProcessInitializeOnLoadAttributes (132ms)
				ProcessInitializeOnLoadMethodAttributes (85ms)
				AfterProcessingInitializeOnLoad (0ms)
				EditorAssembliesLoaded (0ms)
			ExecutionOrderSort2 (0ms)
			AwakeInstancesAfterBackupRestoration (0ms)
Platform modules already initialized, skipping
Registering precompiled user dll's ...
Registered in 0.003814 seconds.
Begin MonoManager ReloadAssembly
Native extension for WindowsStandalone target not found
Refreshing native plugins compatible for Editor in 0.32 ms, found 2 plugins.
Preloading 0 native plugins for Editor in 0.00 ms.
Mono: successfully reloaded assembly
- Completed reload, in  1.532 seconds
Domain Reload Profiling:
	ReloadAssembly (1533ms)
		BeginReloadAssembly (212ms)
			ExecutionOrderSort (0ms)
			DisableScriptedObjects (5ms)
			BackupInstance (0ms)
			ReleaseScriptingObjects (0ms)
			CreateAndSetChildDomain (24ms)
		EndReloadAssembly (1234ms)
			LoadAssemblies (184ms)
			RebuildTransferFunctionScriptingTraits (0ms)
			SetupTypeCache (461ms)
			ReleaseScriptCaches (0ms)
			RebuildScriptCaches (80ms)
			SetupLoadedEditorAssemblies (420ms)
				LogAssemblyErrors (0ms)
				InitializePlatformSupportModulesInManaged (6ms)
				SetLoadedEditorAssemblies (0ms)
				RefreshPlugins (0ms)
				BeforeProcessingInitializeOnLoad (96ms)
				ProcessInitializeOnLoadAttributes (310ms)
				ProcessInitializeOnLoadMethodAttributes (5ms)
				AfterProcessingInitializeOnLoad (3ms)
				EditorAssembliesLoaded (0ms)
			ExecutionOrderSort2 (0ms)
			AwakeInstancesAfterBackupRestoration (8ms)
Platform modules already initialized, skipping
========================================================================
Worker process is ready to serve import requests
Launched and connected shader compiler UnityShaderCompiler.exe after 0.21 seconds
Refreshing native plugins compatible for Editor in 1.53 ms, found 2 plugins.
Preloading 0 native plugins for Editor in 0.00 ms.
Unloading 1420 Unused Serialized files (Serialized files now loaded: 0)
System memory in use before: 67.2 MB.
System memory in use after: 67.3 MB.

Unloading 16 unused Assets to reduce memory usage. Loaded Objects now: 1856.
Total: 4.752300 ms (FindLiveObjects: 0.162300 ms CreateObjectMapping: 0.040900 ms MarkObjects: 4.402900 ms  DeleteObjects: 0.143500 ms)

AssetImportParameters requested are different than current active one (requested -> active):
  custom:framework-win-MediaFoundation: 216162199b28c13a410421893ffa2e32 -> 
  custom:video-decoder-ogg-theora: a1e56fd34408186e4bbccfd4996cb3dc -> 
  custom:container-muxer-webm: aa71ff27fc2769a1b78a27578f13a17b -> 
  custom:container-demuxer-webm: 4f35f7cbe854078d1ac9338744f61a02 -> 
  custom:container-demuxer-ogg: 62fdf1f143b41e24485cea50d1cbac27 -> 
  custom:video-encoder-webm-vp8: eb34c28f22e8b96e1ab97ce403110664 -> 
  custom:video-decoder-webm-vp8: 9c59270c3fd7afecdb556c50c9e8de78 -> 
  custom:audio-decoder-ogg-vorbis: bf7c407c2cedff20999df2af8eb42d56 -> 
  custom:audio-encoder-webm-vorbis: bf7c407c2cedff20999df2af8eb42d56 -> 
========================================================================
Received Import Request.
  path: Assets/Prefabs/SavedCardPrefab Variant.prefab
  artifactKey: Guid(00575bf591f2355499fade1bac976b3b) Importer(815301076,1909f56bfc062723c751e8b465ee728b)
Start importing Assets/Prefabs/SavedCardPrefab Variant.prefab using Guid(00575bf591f2355499fade1bac976b3b) Importer(815301076,1909f56bfc062723c751e8b465ee728b)  -> (artifact id: 'd76fda1ed3341f3a630069974a86dc9b') in 0.219890 seconds 
  Import took 0.243461 seconds .

========================================================================
Received Import Request.
  Time since last request: 301.343869 seconds.
  path: Assets/Scripts/SavedCard.cs
  artifactKey: Guid(1ca59d9bc4a48bc4388713a09195aa8b) Importer(815301076,1909f56bfc062723c751e8b465ee728b)
Start importing Assets/Scripts/SavedCard.cs using Guid(1ca59d9bc4a48bc4388713a09195aa8b) Importer(815301076,1909f56bfc062723c751e8b465ee728b)  -> (artifact id: '400ee26746ff3e26a9604f7136bdf110') in 0.012434 seconds 
  Import took 0.016261 seconds .

========================================================================
Received Import Request.
  Time since last request: 2.740579 seconds.
  path: Assets/Scripts/SavedCardsController.cs
  artifactKey: Guid(ea14e679054572945a90a156f7a3b146) Importer(815301076,1909f56bfc062723c751e8b465ee728b)
Start importing Assets/Scripts/SavedCardsController.cs using Guid(ea14e679054572945a90a156f7a3b146) Importer(815301076,1909f56bfc062723c751e8b465ee728b)  -> (artifact id: 'dfe0f47ceb1eadd6afe387f30f44562e') in 0.008527 seconds 
  Import took 0.011728 seconds .

========================================================================
Received Import Request.
  Time since last request: 27.534572 seconds.
  path: Assets/Scripts/UI_CardController.cs
  artifactKey: Guid(9ce7844435e7a49429dc3ebfb4b1a769) Importer(815301076,1909f56bfc062723c751e8b465ee728b)
Start importing Assets/Scripts/UI_CardController.cs using Guid(9ce7844435e7a49429dc3ebfb4b1a769) Importer(815301076,1909f56bfc062723c751e8b465ee728b)  -> (artifact id: '198a4961195ff8b0958d8a780bc59f92') in 0.004343 seconds 
  Import took 0.050264 seconds .

========================================================================
Received Prepare
Registering precompiled user dll's ...
Registered in 0.003055 seconds.
Begin MonoManager ReloadAssembly
Native extension for WindowsStandalone target not found
Refreshing native plugins compatible for Editor in 0.34 ms, found 2 plugins.
Preloading 0 native plugins for Editor in 0.00 ms.
Mono: successfully reloaded assembly
- Completed reload, in  3.503 seconds
Domain Reload Profiling:
	ReloadAssembly (3503ms)
		BeginReloadAssembly (575ms)
			ExecutionOrderSort (0ms)
			DisableScriptedObjects (7ms)
			BackupInstance (0ms)
			ReleaseScriptingObjects (0ms)
			CreateAndSetChildDomain (262ms)
		EndReloadAssembly (2541ms)
			LoadAssemblies (645ms)
			RebuildTransferFunctionScriptingTraits (0ms)
			SetupTypeCache (1023ms)
			ReleaseScriptCaches (2ms)
			RebuildScriptCaches (339ms)
			SetupLoadedEditorAssemblies (349ms)
				LogAssemblyErrors (0ms)
				InitializePlatformSupportModulesInManaged (6ms)
				SetLoadedEditorAssemblies (1ms)
				RefreshPlugins (0ms)
				BeforeProcessingInitializeOnLoad (83ms)
				ProcessInitializeOnLoadAttributes (251ms)
				ProcessInitializeOnLoadMethodAttributes (5ms)
				AfterProcessingInitializeOnLoad (2ms)
				EditorAssembliesLoaded (0ms)
			ExecutionOrderSort2 (0ms)
			AwakeInstancesAfterBackupRestoration (10ms)
Platform modules already initialized, skipping
Refreshing native plugins compatible for Editor in 0.47 ms, found 2 plugins.
Preloading 0 native plugins for Editor in 0.00 ms.
Unloading 1401 Unused Serialized files (Serialized files now loaded: 0)
System memory in use before: 65.8 MB.
System memory in use after: 65.9 MB.

Unloading 11 unused Assets to reduce memory usage. Loaded Objects now: 1858.
Total: 2.880900 ms (FindLiveObjects: 0.194300 ms CreateObjectMapping: 0.052000 ms MarkObjects: 2.599600 ms  DeleteObjects: 0.033500 ms)

AssetImportParameters requested are different than current active one (requested -> active):
  custom:framework-win-MediaFoundation: 216162199b28c13a410421893ffa2e32 -> 
  custom:video-decoder-ogg-theora: a1e56fd34408186e4bbccfd4996cb3dc -> 
  custom:container-muxer-webm: aa71ff27fc2769a1b78a27578f13a17b -> 
  custom:container-demuxer-webm: 4f35f7cbe854078d1ac9338744f61a02 -> 
  custom:container-demuxer-ogg: 62fdf1f143b41e24485cea50d1cbac27 -> 
  custom:video-encoder-webm-vp8: eb34c28f22e8b96e1ab97ce403110664 -> 
  custom:video-decoder-webm-vp8: 9c59270c3fd7afecdb556c50c9e8de78 -> 
  custom:audio-decoder-ogg-vorbis: bf7c407c2cedff20999df2af8eb42d56 -> 
  custom:audio-encoder-webm-vorbis: bf7c407c2cedff20999df2af8eb42d56 -> 
========================================================================
Received Import Request.
  Time since last request: 190.012880 seconds.
  path: Assets/Textures/2.webp
  artifactKey: Guid(11eea4884d9c17a43aa0549c11bab88e) Importer(815301076,1909f56bfc062723c751e8b465ee728b)
Start importing Assets/Textures/2.webp using Guid(11eea4884d9c17a43aa0549c11bab88e) Importer(815301076,1909f56bfc062723c751e8b465ee728b)  -> (artifact id: 'e7b5c856814dc8d3cc6422dc7108641e') in 0.033436 seconds 
  Import took 0.079410 seconds .

========================================================================
Received Import Request.
  Time since last request: 126.378608 seconds.
  path: Assets/Textures/5.webp
  artifactKey: Guid(c6d63ed837214e044bd86bcd8f96901e) Importer(815301076,1909f56bfc062723c751e8b465ee728b)
Start importing Assets/Textures/5.webp using Guid(c6d63ed837214e044bd86bcd8f96901e) Importer(815301076,1909f56bfc062723c751e8b465ee728b)  -> (artifact id: '6260f9950e3d42db349384e14164fb2a') in 0.013653 seconds 
  Import took 0.016687 seconds .

========================================================================
Received Import Request.
  Time since last request: 6.270732 seconds.
  path: Assets/Textures/5.png
  artifactKey: Guid(577534bf9ca06cb48a71ad0326f471ee) Importer(815301076,1909f56bfc062723c751e8b465ee728b)
Start importing Assets/Textures/5.png using Guid(577534bf9ca06cb48a71ad0326f471ee) Importer(815301076,1909f56bfc062723c751e8b465ee728b)  -> (artifact id: '111c4fd4016772322bd6f783e2244e09') in 0.125364 seconds 
  Import took 0.129135 seconds .

========================================================================
Received Import Request.
  Time since last request: 1.512747 seconds.
  path: Assets/Textures/1.png
  artifactKey: Guid(06736dd871518ce43972ad81d5396157) Importer(815301076,1909f56bfc062723c751e8b465ee728b)
Start importing Assets/Textures/1.png using Guid(06736dd871518ce43972ad81d5396157) Importer(815301076,1909f56bfc062723c751e8b465ee728b)  -> (artifact id: 'fa1e7dca71f1e2c29f6ca542c3e010e6') in 0.020135 seconds 
  Import took 0.039335 seconds .

========================================================================
Received Import Request.
  Time since last request: 0.000333 seconds.
  path: Assets/Textures/2.png
  artifactKey: Guid(e174b015524431f45ba4055ae9e68fbe) Importer(815301076,1909f56bfc062723c751e8b465ee728b)
Start importing Assets/Textures/2.png using Guid(e174b015524431f45ba4055ae9e68fbe) Importer(815301076,1909f56bfc062723c751e8b465ee728b)  -> (artifact id: '197ac710e389c33082d282d34d6962a4') in 0.023088 seconds 
  Import took 0.025321 seconds .

========================================================================
Received Import Request.
  Time since last request: 0.000332 seconds.
  path: Assets/Textures/3.png
  artifactKey: Guid(6f1a3a3765b477547a452a7b38da55d3) Importer(815301076,1909f56bfc062723c751e8b465ee728b)
Start importing Assets/Textures/3.png using Guid(6f1a3a3765b477547a452a7b38da55d3) Importer(815301076,1909f56bfc062723c751e8b465ee728b)  -> (artifact id: 'e4ba0cba7d088d5f8d568071e51fdd86') in 0.012566 seconds 
  Import took 0.019231 seconds .

========================================================================
Received Import Request.
  Time since last request: 23.877333 seconds.
  path: Assets/Textures/5.png
  artifactKey: Guid(577534bf9ca06cb48a71ad0326f471ee) Importer(815301076,1909f56bfc062723c751e8b465ee728b)
Start importing Assets/Textures/5.png using Guid(577534bf9ca06cb48a71ad0326f471ee) Importer(815301076,1909f56bfc062723c751e8b465ee728b)  -> (artifact id: '15f6818022a4f0657e80ca39f191da24') in 0.097862 seconds 
  Import took 0.101010 seconds .

========================================================================
Received Import Request.
  Time since last request: 0.000308 seconds.
  path: Assets/Textures/2.png
  artifactKey: Guid(e174b015524431f45ba4055ae9e68fbe) Importer(815301076,1909f56bfc062723c751e8b465ee728b)
Start importing Assets/Textures/2.png using Guid(e174b015524431f45ba4055ae9e68fbe) Importer(815301076,1909f56bfc062723c751e8b465ee728b)  -> (artifact id: 'ef3783ab5bcfe35de4b2504f5cb0bf81') in 0.029689 seconds 
  Import took 0.050900 seconds .

========================================================================
Received Import Request.
  Time since last request: 0.000438 seconds.
  path: Assets/Textures/1.png
  artifactKey: Guid(06736dd871518ce43972ad81d5396157) Importer(815301076,1909f56bfc062723c751e8b465ee728b)
Start importing Assets/Textures/1.png using Guid(06736dd871518ce43972ad81d5396157) Importer(815301076,1909f56bfc062723c751e8b465ee728b)  -> (artifact id: '721f83643ad1e0a4b449c689c68fe612') in 0.028540 seconds 
  Import took 0.031896 seconds .

========================================================================
Received Import Request.
  Time since last request: 0.000401 seconds.
  path: Assets/Textures/3.png
  artifactKey: Guid(6f1a3a3765b477547a452a7b38da55d3) Importer(815301076,1909f56bfc062723c751e8b465ee728b)
Start importing Assets/Textures/3.png using Guid(6f1a3a3765b477547a452a7b38da55d3) Importer(815301076,1909f56bfc062723c751e8b465ee728b)  -> (artifact id: '8ec804ccf9ba5389c3e3cb486a813885') in 0.026969 seconds 
  Import took 0.029813 seconds .

========================================================================
Received Import Request.
  Time since last request: 132.652786 seconds.
  path: Assets/Textures/4.png
  artifactKey: Guid(36af1aa418246f44d846ea772d968b74) Importer(815301076,1909f56bfc062723c751e8b465ee728b)
Start importing Assets/Textures/4.png using Guid(36af1aa418246f44d846ea772d968b74) Importer(815301076,1909f56bfc062723c751e8b465ee728b)  -> (artifact id: 'acda81902db04d9bc8eea656422c29ea') in 0.023841 seconds 
  Import took 0.029291 seconds .

========================================================================
Received Import Request.
  Time since last request: 9.703300 seconds.
  path: Assets/Textures/4.png
  artifactKey: Guid(36af1aa418246f44d846ea772d968b74) Importer(815301076,1909f56bfc062723c751e8b465ee728b)
Start importing Assets/Textures/4.png using Guid(36af1aa418246f44d846ea772d968b74) Importer(815301076,1909f56bfc062723c751e8b465ee728b)  -> (artifact id: 'c3db0a2c1c3ccbdc4c5cf57cc2234076') in 0.026501 seconds 
  Import took 0.029538 seconds .

========================================================================
Received Prepare
Registering precompiled user dll's ...
Registered in 0.004018 seconds.
Begin MonoManager ReloadAssembly
Native extension for WindowsStandalone target not found
Refreshing native plugins compatible for Editor in 0.29 ms, found 2 plugins.
Preloading 0 native plugins for Editor in 0.00 ms.
Mono: successfully reloaded assembly
- Completed reload, in  1.111 seconds
Domain Reload Profiling:
	ReloadAssembly (1112ms)
		BeginReloadAssembly (146ms)
			ExecutionOrderSort (0ms)
			DisableScriptedObjects (8ms)
			BackupInstance (0ms)
			ReleaseScriptingObjects (0ms)
			CreateAndSetChildDomain (37ms)
		EndReloadAssembly (904ms)
			LoadAssemblies (119ms)
			RebuildTransferFunctionScriptingTraits (0ms)
			SetupTypeCache (302ms)
			ReleaseScriptCaches (1ms)
			RebuildScriptCaches (52ms)
			SetupLoadedEditorAssemblies (340ms)
				LogAssemblyErrors (0ms)
				InitializePlatformSupportModulesInManaged (6ms)
				SetLoadedEditorAssemblies (0ms)
				RefreshPlugins (0ms)
				BeforeProcessingInitializeOnLoad (82ms)
				ProcessInitializeOnLoadAttributes (243ms)
				ProcessInitializeOnLoadMethodAttributes (5ms)
				AfterProcessingInitializeOnLoad (3ms)
				EditorAssembliesLoaded (0ms)
			ExecutionOrderSort2 (0ms)
			AwakeInstancesAfterBackupRestoration (7ms)
Platform modules already initialized, skipping
Refreshing native plugins compatible for Editor in 0.35 ms, found 2 plugins.
Preloading 0 native plugins for Editor in 0.00 ms.
Unloading 1401 Unused Serialized files (Serialized files now loaded: 0)
System memory in use before: 68.9 MB.
System memory in use after: 69.0 MB.

Unloading 11 unused Assets to reduce memory usage. Loaded Objects now: 1876.
Total: 3.086600 ms (FindLiveObjects: 0.153500 ms CreateObjectMapping: 0.042200 ms MarkObjects: 2.844200 ms  DeleteObjects: 0.045500 ms)

AssetImportParameters requested are different than current active one (requested -> active):
  custom:framework-win-MediaFoundation: 216162199b28c13a410421893ffa2e32 -> 
  custom:video-decoder-ogg-theora: a1e56fd34408186e4bbccfd4996cb3dc -> 
  custom:container-muxer-webm: aa71ff27fc2769a1b78a27578f13a17b -> 
  custom:container-demuxer-webm: 4f35f7cbe854078d1ac9338744f61a02 -> 
  custom:container-demuxer-ogg: 62fdf1f143b41e24485cea50d1cbac27 -> 
  custom:video-encoder-webm-vp8: eb34c28f22e8b96e1ab97ce403110664 -> 
  custom:video-decoder-webm-vp8: 9c59270c3fd7afecdb556c50c9e8de78 -> 
  custom:audio-decoder-ogg-vorbis: bf7c407c2cedff20999df2af8eb42d56 -> 
  custom:audio-encoder-webm-vorbis: bf7c407c2cedff20999df2af8eb42d56 -> 
========================================================================
Received Prepare
Registering precompiled user dll's ...
Registered in 0.003758 seconds.
Begin MonoManager ReloadAssembly
Native extension for WindowsStandalone target not found
Refreshing native plugins compatible for Editor in 0.44 ms, found 2 plugins.
Preloading 0 native plugins for Editor in 0.00 ms.
Mono: successfully reloaded assembly
- Completed reload, in  1.177 seconds
Domain Reload Profiling:
	ReloadAssembly (1177ms)
		BeginReloadAssembly (156ms)
			ExecutionOrderSort (0ms)
			DisableScriptedObjects (6ms)
			BackupInstance (0ms)
			ReleaseScriptingObjects (0ms)
			CreateAndSetChildDomain (35ms)
		EndReloadAssembly (953ms)
			LoadAssemblies (141ms)
			RebuildTransferFunctionScriptingTraits (0ms)
			SetupTypeCache (309ms)
			ReleaseScriptCaches (1ms)
			RebuildScriptCaches (49ms)
			SetupLoadedEditorAssemblies (373ms)
				LogAssemblyErrors (0ms)
				InitializePlatformSupportModulesInManaged (6ms)
				SetLoadedEditorAssemblies (1ms)
				RefreshPlugins (1ms)
				BeforeProcessingInitializeOnLoad (94ms)
				ProcessInitializeOnLoadAttributes (258ms)
				ProcessInitializeOnLoadMethodAttributes (7ms)
				AfterProcessingInitializeOnLoad (5ms)
				EditorAssembliesLoaded (1ms)
			ExecutionOrderSort2 (0ms)
			AwakeInstancesAfterBackupRestoration (10ms)
Platform modules already initialized, skipping
Refreshing native plugins compatible for Editor in 0.35 ms, found 2 plugins.
Preloading 0 native plugins for Editor in 0.00 ms.
Unloading 1401 Unused Serialized files (Serialized files now loaded: 0)
System memory in use before: 68.9 MB.
System memory in use after: 69.1 MB.

Unloading 11 unused Assets to reduce memory usage. Loaded Objects now: 1878.
Total: 4.353400 ms (FindLiveObjects: 0.196200 ms CreateObjectMapping: 0.072500 ms MarkObjects: 4.059900 ms  DeleteObjects: 0.023200 ms)

AssetImportParameters requested are different than current active one (requested -> active):
  custom:framework-win-MediaFoundation: 216162199b28c13a410421893ffa2e32 -> 
  custom:video-decoder-ogg-theora: a1e56fd34408186e4bbccfd4996cb3dc -> 
  custom:container-muxer-webm: aa71ff27fc2769a1b78a27578f13a17b -> 
  custom:container-demuxer-webm: 4f35f7cbe854078d1ac9338744f61a02 -> 
  custom:container-demuxer-ogg: 62fdf1f143b41e24485cea50d1cbac27 -> 
  custom:video-encoder-webm-vp8: eb34c28f22e8b96e1ab97ce403110664 -> 
  custom:video-decoder-webm-vp8: 9c59270c3fd7afecdb556c50c9e8de78 -> 
  custom:audio-decoder-ogg-vorbis: bf7c407c2cedff20999df2af8eb42d56 -> 
  custom:audio-encoder-webm-vorbis: bf7c407c2cedff20999df2af8eb42d56 -> 
========================================================================
Received Import Request.
  Time since last request: 78.414109 seconds.
  path: Assets/Databases
  artifactKey: Guid(00c890ced80985841bbd6729b7a51a6a) Importer(815301076,1909f56bfc062723c751e8b465ee728b)
Start importing Assets/Databases using Guid(00c890ced80985841bbd6729b7a51a6a) Importer(815301076,1909f56bfc062723c751e8b465ee728b)  -> (artifact id: 'd0762ce97594dd1179c5c813dfeef973') in 0.010166 seconds 
  Import took 0.013432 seconds .

========================================================================
Received Import Request.
  Time since last request: 140.166097 seconds.
  path: Assets/Scripts/GamePlayManager.cs
  artifactKey: Guid(388d09fac01e2814f841dda46ebac5ba) Importer(815301076,1909f56bfc062723c751e8b465ee728b)
Start importing Assets/Scripts/GamePlayManager.cs using Guid(388d09fac01e2814f841dda46ebac5ba) Importer(815301076,1909f56bfc062723c751e8b465ee728b)  -> (artifact id: '0349cc5e6f2a87f577dfe1b1ce3c746a') in 0.003165 seconds 
  Import took 0.046238 seconds .

========================================================================
Received Prepare
Registering precompiled user dll's ...
Registered in 0.017237 seconds.
Begin MonoManager ReloadAssembly
Native extension for WindowsStandalone target not found
Refreshing native plugins compatible for Editor in 0.29 ms, found 2 plugins.
Preloading 0 native plugins for Editor in 0.00 ms.
Mono: successfully reloaded assembly
- Completed reload, in  1.138 seconds
Domain Reload Profiling:
	ReloadAssembly (1139ms)
		BeginReloadAssembly (142ms)
			ExecutionOrderSort (0ms)
			DisableScriptedObjects (5ms)
			BackupInstance (0ms)
			ReleaseScriptingObjects (0ms)
			CreateAndSetChildDomain (38ms)
		EndReloadAssembly (930ms)
			LoadAssemblies (118ms)
			RebuildTransferFunctionScriptingTraits (0ms)
			SetupTypeCache (284ms)
			ReleaseScriptCaches (1ms)
			RebuildScriptCaches (53ms)
			SetupLoadedEditorAssemblies (381ms)
				LogAssemblyErrors (0ms)
				InitializePlatformSupportModulesInManaged (6ms)
				SetLoadedEditorAssemblies (0ms)
				RefreshPlugins (0ms)
				BeforeProcessingInitializeOnLoad (81ms)
				ProcessInitializeOnLoadAttributes (282ms)
				ProcessInitializeOnLoadMethodAttributes (7ms)
				AfterProcessingInitializeOnLoad (3ms)
				EditorAssembliesLoaded (0ms)
			ExecutionOrderSort2 (0ms)
			AwakeInstancesAfterBackupRestoration (10ms)
Platform modules already initialized, skipping
Refreshing native plugins compatible for Editor in 0.33 ms, found 2 plugins.
Preloading 0 native plugins for Editor in 0.00 ms.
Unloading 1401 Unused Serialized files (Serialized files now loaded: 0)
System memory in use before: 69.0 MB.
System memory in use after: 69.1 MB.

Unloading 11 unused Assets to reduce memory usage. Loaded Objects now: 1880.
Total: 3.955900 ms (FindLiveObjects: 0.427500 ms CreateObjectMapping: 0.130500 ms MarkObjects: 3.353000 ms  DeleteObjects: 0.038600 ms)

AssetImportParameters requested are different than current active one (requested -> active):
  custom:framework-win-MediaFoundation: 216162199b28c13a410421893ffa2e32 -> 
  custom:video-decoder-ogg-theora: a1e56fd34408186e4bbccfd4996cb3dc -> 
  custom:container-muxer-webm: aa71ff27fc2769a1b78a27578f13a17b -> 
  custom:container-demuxer-webm: 4f35f7cbe854078d1ac9338744f61a02 -> 
  custom:container-demuxer-ogg: 62fdf1f143b41e24485cea50d1cbac27 -> 
  custom:video-encoder-webm-vp8: eb34c28f22e8b96e1ab97ce403110664 -> 
  custom:video-decoder-webm-vp8: 9c59270c3fd7afecdb556c50c9e8de78 -> 
  custom:audio-decoder-ogg-vorbis: bf7c407c2cedff20999df2af8eb42d56 -> 
  custom:audio-encoder-webm-vorbis: bf7c407c2cedff20999df2af8eb42d56 -> 
AssetImportWorkerClient::OnTransportError - code=2 error=End of file
